{
"/Users/pedro/Documents/RD/pi-movement/lib/sensor.js":{"path":"/Users/pedro/Documents/RD/pi-movement/lib/sensor.js","s":{"1":1,"2":1,"3":1,"4":1,"5":1,"6":1,"7":11,"8":11,"9":9,"10":9,"11":9,"12":9,"13":9,"14":1,"15":1,"16":1,"17":3,"18":1,"19":2,"20":3,"21":2,"22":3,"23":3,"24":3,"25":1,"26":2,"27":1,"28":1,"29":1,"30":1,"31":1,"32":3,"33":3,"34":1,"35":2,"36":2,"37":1,"38":1,"39":1},"b":{"1":[1,2],"2":[2,1],"3":[1,1],"4":[1,2],"5":[1,1]},"f":{"1":11,"2":3,"3":3,"4":2,"5":3,"6":3},"fnMap":{"1":{"name":"Sensor","line":17,"loc":{"start":{"line":17,"column":0},"end":{"line":17,"column":25}}},"2":{"name":"(anonymous_2)","line":30,"loc":{"start":{"line":30,"column":25},"end":{"line":30,"column":39}}},"3":{"name":"startMovementDetection","line":31,"loc":{"start":{"line":31,"column":4},"end":{"line":31,"column":41}}},"4":{"name":"(anonymous_4)","line":49,"loc":{"start":{"line":49,"column":24},"end":{"line":49,"column":36}}},"5":{"name":"(anonymous_5)","line":61,"loc":{"start":{"line":61,"column":27},"end":{"line":61,"column":39}}},"6":{"name":"(anonymous_6)","line":62,"loc":{"start":{"line":62,"column":24},"end":{"line":62,"column":46}}}},"statementMap":{"1":{"start":{"line":1,"column":0},"end":{"line":1,"column":31}},"2":{"start":{"line":2,"column":0},"end":{"line":2,"column":34}},"3":{"start":{"line":3,"column":0},"end":{"line":3,"column":27}},"4":{"start":{"line":4,"column":0},"end":{"line":4,"column":50}},"5":{"start":{"line":6,"column":0},"end":{"line":15,"column":2}},"6":{"start":{"line":17,"column":0},"end":{"line":26,"column":1}},"7":{"start":{"line":18,"column":4},"end":{"line":18,"column":28}},"8":{"start":{"line":20,"column":4},"end":{"line":20,"column":47}},"9":{"start":{"line":21,"column":4},"end":{"line":21,"column":27}},"10":{"start":{"line":22,"column":4},"end":{"line":22,"column":29}},"11":{"start":{"line":23,"column":4},"end":{"line":23,"column":26}},"12":{"start":{"line":24,"column":4},"end":{"line":24,"column":34}},"13":{"start":{"line":25,"column":4},"end":{"line":25,"column":30}},"14":{"start":{"line":28,"column":0},"end":{"line":28,"column":35}},"15":{"start":{"line":30,"column":0},"end":{"line":47,"column":2}},"16":{"start":{"line":31,"column":4},"end":{"line":42,"column":5}},"17":{"start":{"line":32,"column":8},"end":{"line":36,"column":9}},"18":{"start":{"line":33,"column":12},"end":{"line":33,"column":31}},"19":{"start":{"line":35,"column":12},"end":{"line":35,"column":76}},"20":{"start":{"line":37,"column":8},"end":{"line":39,"column":9}},"21":{"start":{"line":38,"column":12},"end":{"line":38,"column":20}},"22":{"start":{"line":41,"column":8},"end":{"line":41,"column":29}},"23":{"start":{"line":44,"column":4},"end":{"line":44,"column":32}},"24":{"start":{"line":46,"column":4},"end":{"line":46,"column":73}},"25":{"start":{"line":49,"column":0},"end":{"line":58,"column":2}},"26":{"start":{"line":50,"column":4},"end":{"line":52,"column":5}},"27":{"start":{"line":51,"column":8},"end":{"line":51,"column":21}},"28":{"start":{"line":54,"column":4},"end":{"line":54,"column":33}},"29":{"start":{"line":55,"column":4},"end":{"line":55,"column":30}},"30":{"start":{"line":57,"column":4},"end":{"line":57,"column":16}},"31":{"start":{"line":61,"column":0},"end":{"line":74,"column":1}},"32":{"start":{"line":62,"column":4},"end":{"line":73,"column":18}},"33":{"start":{"line":64,"column":8},"end":{"line":66,"column":9}},"34":{"start":{"line":65,"column":12},"end":{"line":65,"column":19}},"35":{"start":{"line":68,"column":8},"end":{"line":68,"column":30}},"36":{"start":{"line":69,"column":8},"end":{"line":72,"column":9}},"37":{"start":{"line":70,"column":12},"end":{"line":70,"column":43}},"38":{"start":{"line":71,"column":12},"end":{"line":71,"column":34}},"39":{"start":{"line":76,"column":0},"end":{"line":76,"column":24}}},"branchMap":{"1":{"line":32,"type":"if","locations":[{"start":{"line":32,"column":8},"end":{"line":32,"column":8}},{"start":{"line":32,"column":8},"end":{"line":32,"column":8}}]},"2":{"line":37,"type":"if","locations":[{"start":{"line":37,"column":8},"end":{"line":37,"column":8}},{"start":{"line":37,"column":8},"end":{"line":37,"column":8}}]},"3":{"line":50,"type":"if","locations":[{"start":{"line":50,"column":4},"end":{"line":50,"column":4}},{"start":{"line":50,"column":4},"end":{"line":50,"column":4}}]},"4":{"line":64,"type":"if","locations":[{"start":{"line":64,"column":8},"end":{"line":64,"column":8}},{"start":{"line":64,"column":8},"end":{"line":64,"column":8}}]},"5":{"line":69,"type":"if","locations":[{"start":{"line":69,"column":8},"end":{"line":69,"column":8}},{"start":{"line":69,"column":8},"end":{"line":69,"column":8}}]}},"l":{"1":1,"2":1,"3":1,"4":1,"6":1,"17":1,"18":11,"20":11,"21":9,"22":9,"23":9,"24":9,"25":9,"28":1,"30":1,"31":1,"32":3,"33":1,"35":2,"37":3,"38":2,"41":3,"44":3,"46":3,"49":1,"50":2,"51":1,"54":1,"55":1,"57":1,"61":1,"62":3,"64":3,"65":1,"68":2,"69":2,"70":1,"71":1,"76":1}}}
