TN:
SF:/Users/pedro/Documents/RD/pi-movement/lib/sensor.js
FN:17,Sensor
FN:30,(anonymous_2)
FN:31,startMovementDetection
FN:49,(anonymous_4)
FN:61,(anonymous_5)
FN:62,(anonymous_6)
FNF:6
FNH:6
FNDA:11,Sensor
FNDA:3,(anonymous_2)
FNDA:3,startMovementDetection
FNDA:2,(anonymous_4)
FNDA:3,(anonymous_5)
FNDA:3,(anonymous_6)
DA:1,1
DA:2,1
DA:3,1
DA:4,1
DA:6,1
DA:17,1
DA:18,11
DA:20,11
DA:21,9
DA:22,9
DA:23,9
DA:24,9
DA:25,9
DA:28,1
DA:30,1
DA:31,1
DA:32,3
DA:33,1
DA:35,2
DA:37,3
DA:38,2
DA:41,3
DA:44,3
DA:46,3
DA:49,1
DA:50,2
DA:51,1
DA:54,1
DA:55,1
DA:57,1
DA:61,1
DA:62,3
DA:64,3
DA:65,1
DA:68,2
DA:69,2
DA:70,1
DA:71,1
DA:76,1
LF:39
LH:39
BRDA:32,1,0,1
BRDA:32,1,1,2
BRDA:37,2,0,2
BRDA:37,2,1,1
BRDA:50,3,0,1
BRDA:50,3,1,1
BRDA:64,4,0,1
BRDA:64,4,1,2
BRDA:69,5,0,1
BRDA:69,5,1,1
BRF:10
BRH:10
end_of_record
